2024-11-03T03:36:57.468Z - info: Website generation started at 11:36:57 AM
2024-11-03T03:36:57.620Z - info: Building assets...
2024-11-03T03:36:57.715Z - info: Assets built
2024-11-03T03:36:57.715Z - info: Generating pages...
2024-11-03T03:36:58.093Z - info: Pages built
2024-11-03T03:36:58.162Z - info: Site data built
2024-11-03T03:36:58.162Z - info: Website generation complete! Total build time: 0.768s
2024-11-03T03:36:58.162Z - info: Build success!
2024-11-03T03:37:02.148Z - info: The website has been deployed at: https://nus-tic2002-ay2425s1.github.io/dashboards
2024-11-03T03:58:36.139Z - info: Website generation started at 11:58:36 AM
2024-11-03T03:58:36.232Z - info: Building assets...
2024-11-03T03:58:36.310Z - info: Assets built
2024-11-03T03:58:36.310Z - info: Generating pages...
2024-11-03T03:59:32.299Z - warn: You might have an invalid intra-link! Ignore this warning if it was intended.
'/dashboards/contents/cs2103/url' found in file '/Users/damithch/Repos/nus-cs2103/dashboards-base/contents/cs2103/forum-activities-panels-fragment.md'
2024-11-03T03:59:32.300Z - info: Pages built
2024-11-03T03:59:32.369Z - info: Site data built
2024-11-03T03:59:32.370Z - info: Website generation complete! Total build time: 56.297s
2024-11-03T03:59:32.370Z - info: Build success!
2024-11-03T03:59:42.964Z - info: The website has been deployed at: https://nus-cs2103-ay2425s1.github.io/dashboards
2024-11-03T04:01:23.192Z - info: Website generation started at 12:01:23 PM
2024-11-03T04:01:23.284Z - info: Building assets...
2024-11-03T04:01:23.445Z - info: Assets built
2024-11-03T04:01:23.446Z - info: Generating pages...
2024-11-03T04:01:27.883Z - info: Pages built
2024-11-03T04:01:27.946Z - info: Site data built
2024-11-03T04:01:27.946Z - info: Website generation complete! Total build time: 4.816s
2024-11-03T04:01:27.946Z - info: Build success!
2024-11-03T04:01:33.084Z - info: The website has been deployed at: https://nus-cs2113-ay2425s1.github.io/dashboards
2024-11-03T12:37:46.944Z - info: Website generation started at 8:37:46 PM
2024-11-03T12:37:47.039Z - info: Building assets...
2024-11-03T12:37:47.134Z - info: Assets built
2024-11-03T12:37:47.134Z - info: Generating pages...
2024-11-03T12:37:47.514Z - info: Pages built
2024-11-03T12:37:47.579Z - info: Site data built
2024-11-03T12:37:47.579Z - info: Website generation complete! Total build time: 0.708s
2024-11-03T12:37:47.579Z - info: Build success!
2024-11-03T12:37:51.543Z - info: The website has been deployed at: https://nus-tic2002-ay2425s1.github.io/dashboards
2024-11-03T12:59:51.254Z - info: Website generation started at 8:59:51 PM
2024-11-03T12:59:51.352Z - info: Building assets...
2024-11-03T12:59:51.438Z - info: Assets built
2024-11-03T12:59:51.438Z - info: Generating pages...
2024-11-03T13:00:48.626Z - warn: You might have an invalid intra-link! Ignore this warning if it was intended.
'/dashboards/contents/cs2103/url' found in file '/Users/damithch/Repos/nus-cs2103/dashboards-base/contents/cs2103/forum-activities-panels-fragment.md'
2024-11-03T13:00:48.626Z - info: Pages built
2024-11-03T13:00:48.696Z - info: Site data built
2024-11-03T13:00:48.696Z - info: Website generation complete! Total build time: 57.499s
2024-11-03T13:00:48.696Z - info: Build success!
2024-11-03T13:00:59.363Z - info: The website has been deployed at: https://nus-cs2103-ay2425s1.github.io/dashboards
2024-11-03T13:02:38.801Z - info: Website generation started at 9:02:38 PM
2024-11-03T13:02:38.891Z - info: Building assets...
2024-11-03T13:02:39.060Z - info: Assets built
2024-11-03T13:02:39.060Z - info: Generating pages...
2024-11-03T13:02:43.594Z - info: Pages built
2024-11-03T13:02:43.658Z - info: Site data built
2024-11-03T13:02:43.658Z - info: Website generation complete! Total build time: 4.913s
2024-11-03T13:02:43.659Z - info: Build success!
2024-11-03T13:02:49.512Z - info: The website has been deployed at: https://nus-cs2113-ay2425s1.github.io/dashboards
