2024-10-25T03:12:12.841Z - info: Website generation started at 11:12:12 AM
2024-10-25T03:12:12.943Z - info: Building assets...
2024-10-25T03:12:13.035Z - info: Assets built
2024-10-25T03:12:13.035Z - info: Generating pages...
2024-10-25T03:12:13.411Z - info: Pages built
2024-10-25T03:12:13.481Z - info: Site data built
2024-10-25T03:12:13.481Z - info: Website generation complete! Total build time: 0.718s
2024-10-25T03:12:13.481Z - info: Build success!
2024-10-25T03:12:17.988Z - info: The website has been deployed at: https://nus-tic2002-ay2425s1.github.io/dashboards
2024-10-25T03:31:29.909Z - info: Website generation started at 11:31:29 AM
2024-10-25T03:31:29.993Z - info: Building assets...
2024-10-25T03:31:30.070Z - info: Assets built
2024-10-25T03:31:30.070Z - info: Generating pages...
2024-10-25T03:32:19.061Z - warn: You might have an invalid intra-link! Ignore this warning if it was intended.
'/dashboards/contents/cs2103/url' found in file '/Users/damithch/Repos/nus-cs2103/dashboards-base/contents/cs2103/forum-activities-panels-fragment.md'
2024-10-25T03:32:19.062Z - info: Pages built
2024-10-25T03:32:19.131Z - info: Site data built
2024-10-25T03:32:19.131Z - info: Website generation complete! Total build time: 49.3s
2024-10-25T03:32:19.131Z - info: Build success!
2024-10-25T03:32:28.904Z - info: The website has been deployed at: https://nus-cs2103-ay2425s1.github.io/dashboards
2024-10-25T03:33:59.779Z - info: Website generation started at 11:33:59 AM
2024-10-25T03:33:59.859Z - info: Building assets...
2024-10-25T03:33:59.998Z - info: Assets built
2024-10-25T03:33:59.998Z - info: Generating pages...
2024-10-25T03:34:03.754Z - info: Pages built
2024-10-25T03:34:03.818Z - info: Site data built
2024-10-25T03:34:03.819Z - info: Website generation complete! Total build time: 4.115s
2024-10-25T03:34:03.819Z - info: Build success!
2024-10-25T03:34:08.669Z - info: The website has been deployed at: https://nus-cs2113-ay2425s1.github.io/dashboards
2024-10-25T10:45:10.295Z - info: Website generation started at 6:45:10 PM
2024-10-25T10:45:10.380Z - info: Building assets...
