2024-11-07T16:16:55.200Z - info: Website generation started at 12:16:55 AM
2024-11-07T16:16:55.391Z - info: Building assets...
2024-11-07T16:16:55.492Z - info: Assets built
2024-11-07T16:16:55.493Z - info: Generating pages...
2024-11-07T16:16:55.877Z - info: Pages built
2024-11-07T16:16:55.943Z - info: Site data built
2024-11-07T16:16:55.943Z - info: Website generation complete! Total build time: 0.816s
2024-11-07T16:16:55.944Z - info: Build success!
2024-11-07T16:17:00.037Z - info: The website has been deployed at: https://nus-tic2002-ay2425s1.github.io/dashboards
2024-11-07T16:45:24.193Z - info: Website generation started at 12:45:24 AM
2024-11-07T16:45:24.292Z - info: Building assets...
2024-11-07T16:45:24.378Z - info: Assets built
2024-11-07T16:45:24.378Z - info: Generating pages...
2024-11-07T16:46:28.426Z - warn: You might have an invalid intra-link! Ignore this warning if it was intended.
'/dashboards/contents/cs2103/url' found in file '/Users/damithch/Repos/nus-cs2103/dashboards-base/contents/cs2103/forum-activities-panels-fragment.md'
2024-11-07T16:46:28.427Z - info: Pages built
2024-11-07T16:46:28.494Z - info: Site data built
2024-11-07T16:46:28.494Z - info: Website generation complete! Total build time: 64.373s
2024-11-07T16:46:28.494Z - info: Build success!
2024-11-07T16:46:39.603Z - info: The website has been deployed at: https://nus-cs2103-ay2425s1.github.io/dashboards
2024-11-07T16:48:39.156Z - info: Website generation started at 12:48:39 AM
2024-11-07T16:48:39.250Z - info: Building assets...
2024-11-07T16:48:39.398Z - info: Assets built
2024-11-07T16:48:39.398Z - info: Generating pages...
2024-11-07T16:48:43.894Z - info: Pages built
2024-11-07T16:48:43.959Z - info: Site data built
2024-11-07T16:48:43.959Z - info: Website generation complete! Total build time: 4.849s
2024-11-07T16:48:43.959Z - info: Build success!
2024-11-07T16:48:49.221Z - info: The website has been deployed at: https://nus-cs2113-ay2425s1.github.io/dashboards
2024-11-08T03:06:12.701Z - info: Website generation started at 11:06:12 AM
2024-11-08T03:06:12.876Z - info: Building assets...
