2024-10-27T03:25:39.578Z - info: Website generation started at 11:25:39 AM
2024-10-27T03:25:39.694Z - info: Building assets...
2024-10-27T03:25:39.785Z - info: Assets built
2024-10-27T03:25:39.786Z - info: Generating pages...
2024-10-27T03:25:40.176Z - info: Pages built
2024-10-27T03:25:40.247Z - info: Site data built
2024-10-27T03:25:40.247Z - info: Website generation complete! Total build time: 0.736s
2024-10-27T03:25:40.247Z - info: Build success!
2024-10-27T03:25:44.584Z - info: The website has been deployed at: https://nus-tic2002-ay2425s1.github.io/dashboards
2024-10-27T03:35:32.642Z - info: Website generation started at 11:35:32 AM
2024-10-27T03:35:32.737Z - info: Building assets...
2024-10-27T03:35:32.820Z - info: Assets built
2024-10-27T03:35:32.821Z - info: Generating pages...
2024-10-27T03:35:38.104Z - info: Pages built
2024-10-27T03:35:38.168Z - info: Site data built
2024-10-27T03:35:38.168Z - info: Website generation complete! Total build time: 5.596s
2024-10-27T03:35:38.168Z - info: Build success!
2024-10-27T03:35:43.666Z - info: The website has been deployed at: https://nus-cs2113-ay2425s1.github.io/dashboards
2024-10-27T04:27:34.888Z - info: Website generation started at 12:27:34 PM
2024-10-27T04:27:34.984Z - info: Building assets...
2024-10-27T04:27:35.076Z - info: Assets built
2024-10-27T04:27:35.077Z - info: Generating pages...
2024-10-27T04:28:25.480Z - warn: You might have an invalid intra-link! Ignore this warning if it was intended.
'/dashboards/contents/cs2103/url' found in file '/Users/damithch/Repos/nus-cs2103/dashboards-base/contents/cs2103/forum-activities-panels-fragment.md'
2024-10-27T04:28:25.481Z - info: Pages built
2024-10-27T04:28:25.552Z - info: Site data built
2024-10-27T04:28:25.552Z - info: Website generation complete! Total build time: 50.73s
2024-10-27T04:28:25.552Z - info: Build success!
2024-10-27T04:28:36.157Z - info: The website has been deployed at: https://nus-cs2103-ay2425s1.github.io/dashboards
2024-10-27T14:30:07.306Z - info: Website generation started at 10:30:07 PM
2024-10-27T14:30:07.405Z - info: Building assets...
2024-10-27T14:30:07.544Z - info: Assets built
2024-10-27T14:30:07.545Z - info: Generating pages...
2024-10-27T14:30:07.915Z - info: Pages built
2024-10-27T14:30:07.986Z - info: Site data built
2024-10-27T14:30:07.986Z - info: Website generation complete! Total build time: 0.757s
2024-10-27T14:30:07.986Z - info: Build success!
2024-10-27T14:30:12.045Z - info: The website has been deployed at: https://nus-tic2002-ay2425s1.github.io/dashboards
2024-10-27T14:49:26.237Z - info: Website generation started at 10:49:26 PM
2024-10-27T14:49:26.326Z - info: Building assets...
2024-10-27T14:49:26.406Z - info: Assets built
2024-10-27T14:49:26.406Z - info: Generating pages...
2024-10-27T14:50:17.646Z - warn: You might have an invalid intra-link! Ignore this warning if it was intended.
'/dashboards/contents/cs2103/url' found in file '/Users/damithch/Repos/nus-cs2103/dashboards-base/contents/cs2103/forum-activities-panels-fragment.md'
2024-10-27T14:50:17.647Z - info: Pages built
2024-10-27T14:50:17.711Z - info: Site data built
2024-10-27T14:50:17.711Z - info: Website generation complete! Total build time: 51.548s
2024-10-27T14:50:17.711Z - info: Build success!
2024-10-27T14:50:27.639Z - info: The website has been deployed at: https://nus-cs2103-ay2425s1.github.io/dashboards
2024-10-27T14:52:06.323Z - info: Website generation started at 10:52:06 PM
2024-10-27T14:52:06.412Z - info: Building assets...
2024-10-27T14:52:06.557Z - info: Assets built
2024-10-27T14:52:06.558Z - info: Generating pages...
2024-10-27T14:52:11.008Z - info: Pages built
2024-10-27T14:52:11.073Z - info: Site data built
2024-10-27T14:52:11.073Z - info: Website generation complete! Total build time: 4.822s
2024-10-27T14:52:11.074Z - info: Build success!
2024-10-27T14:52:16.953Z - info: The website has been deployed at: https://nus-cs2113-ay2425s1.github.io/dashboards
