2024-11-07T03:37:25.073Z - info: Website generation started at 11:37:25 AM
2024-11-07T03:37:25.231Z - info: Building assets...
2024-11-07T03:37:25.326Z - info: Assets built
2024-11-07T03:37:25.326Z - info: Generating pages...
2024-11-07T03:37:29.855Z - info: Pages built
2024-11-07T03:37:29.922Z - info: Site data built
2024-11-07T03:37:29.922Z - info: Website generation complete! Total build time: 4.913s
2024-11-07T03:37:29.922Z - info: Build success!
2024-11-07T03:37:35.287Z - info: The website has been deployed at: https://nus-cs2113-ay2425s1.github.io/dashboards
2024-11-07T04:14:39.116Z - info: Website generation started at 12:14:39 PM
2024-11-07T04:14:39.276Z - info: Building assets...
2024-11-07T04:14:39.380Z - info: Assets built
2024-11-07T04:14:39.381Z - info: Generating pages...
2024-11-07T04:14:39.769Z - info: Pages built
2024-11-07T04:14:39.839Z - info: Site data built
2024-11-07T04:14:39.839Z - info: Website generation complete! Total build time: 0.793s
2024-11-07T04:14:39.839Z - info: Build success!
2024-11-07T04:14:44.022Z - info: The website has been deployed at: https://nus-tic2002-ay2425s1.github.io/dashboards
2024-11-07T04:39:58.405Z - info: Website generation started at 12:39:58 PM
2024-11-07T04:39:58.519Z - info: Building assets...
2024-11-07T04:39:58.605Z - info: Assets built
2024-11-07T04:39:58.605Z - info: Generating pages...
2024-11-07T04:40:58.560Z - warn: You might have an invalid intra-link! Ignore this warning if it was intended.
'/dashboards/contents/cs2103/url' found in file '/Users/damithch/Repos/nus-cs2103/dashboards-base/contents/cs2103/forum-activities-panels-fragment.md'
2024-11-07T04:40:58.561Z - info: Pages built
2024-11-07T04:40:58.629Z - info: Site data built
2024-11-07T04:40:58.629Z - info: Website generation complete! Total build time: 60.301s
2024-11-07T04:40:58.629Z - info: Build success!
2024-11-07T04:41:09.734Z - info: The website has been deployed at: https://nus-cs2103-ay2425s1.github.io/dashboards
2024-11-07T10:14:03.274Z - info: Website generation started at 6:14:03 PM
2024-11-07T10:14:03.454Z - info: Building assets...
