2024-10-23T16:03:45.832Z - info: Website generation started at 12:03:45 AM
2024-10-23T16:03:45.942Z - info: Building assets...
2024-10-23T16:03:46.103Z - info: Assets built
2024-10-23T16:03:46.103Z - info: Generating pages...
2024-10-23T16:04:33.350Z - warn: You might have an invalid intra-link! Ignore this warning if it was intended.
'/dashboards/contents/cs2103/url' found in file '/Users/damithch/Repos/nus-cs2103/dashboards-base/contents/cs2103/forum-activities-panels-fragment.md'
2024-10-23T16:04:33.351Z - info: Pages built
2024-10-23T16:04:33.429Z - info: Site data built
2024-10-23T16:04:33.429Z - info: Website generation complete! Total build time: 47.687s
2024-10-23T16:04:33.429Z - info: Build success!
2024-10-23T16:04:43.878Z - info: The website has been deployed at: https://nus-cs2103-ay2425s1.github.io/dashboards
2024-10-24T02:58:54.825Z - info: Website generation started at 10:58:54 AM
2024-10-24T02:58:54.939Z - info: Building assets...
2024-10-24T02:58:55.080Z - info: Assets built
2024-10-24T02:58:55.080Z - info: Generating pages...
2024-10-24T02:58:55.473Z - info: Pages built
2024-10-24T02:58:55.564Z - info: Site data built
2024-10-24T02:58:55.564Z - info: Website generation complete! Total build time: 0.943s
2024-10-24T02:58:55.564Z - info: Build success!
2024-10-24T02:58:59.734Z - info: The website has been deployed at: https://nus-tic2002-ay2425s1.github.io/dashboards
2024-10-24T03:17:40.031Z - info: Website generation started at 11:17:39 AM
2024-10-24T03:17:40.105Z - info: Building assets...
2024-10-24T03:17:40.187Z - info: Assets built
2024-10-24T03:17:40.188Z - info: Generating pages...
2024-10-24T03:18:27.110Z - warn: You might have an invalid intra-link! Ignore this warning if it was intended.
'/dashboards/contents/cs2103/url' found in file '/Users/damithch/Repos/nus-cs2103/dashboards-base/contents/cs2103/forum-activities-panels-fragment.md'
2024-10-24T03:18:27.111Z - info: Pages built
2024-10-24T03:18:27.175Z - info: Site data built
2024-10-24T03:18:27.175Z - info: Website generation complete! Total build time: 47.222s
2024-10-24T03:18:27.175Z - info: Build success!
2024-10-24T03:18:37.511Z - info: The website has been deployed at: https://nus-cs2103-ay2425s1.github.io/dashboards
2024-10-24T03:20:18.959Z - info: Website generation started at 11:20:18 AM
2024-10-24T03:20:19.020Z - info: Building assets...
2024-10-24T03:20:19.155Z - info: Assets built
2024-10-24T03:20:19.155Z - info: Generating pages...
2024-10-24T03:20:22.879Z - info: Pages built
2024-10-24T03:20:22.945Z - info: Site data built
2024-10-24T03:20:22.945Z - info: Website generation complete! Total build time: 4.044s
2024-10-24T03:20:22.945Z - info: Build success!
2024-10-24T03:20:27.583Z - info: The website has been deployed at: https://nus-cs2113-ay2425s1.github.io/dashboards
2024-10-24T03:44:34.851Z - info: Website generation started at 11:44:34 AM
2024-10-24T03:44:34.937Z - info: Building assets...
2024-10-24T03:44:35.027Z - info: Assets built
2024-10-24T03:44:35.028Z - info: Generating pages...
2024-10-24T03:44:38.761Z - info: Pages built
2024-10-24T03:44:38.831Z - info: Site data built
2024-10-24T03:44:38.831Z - info: Website generation complete! Total build time: 4.064s
2024-10-24T03:44:38.831Z - info: Build success!
2024-10-24T03:44:44.508Z - info: The website has been deployed at: https://nus-cs2113-ay2425s1.github.io/dashboards
2024-10-24T06:48:14.148Z - info: Website generation started at 2:48:14 PM
2024-10-24T06:48:14.264Z - info: Building assets...
2024-10-24T06:48:14.355Z - info: Assets built
2024-10-24T06:48:14.356Z - info: Generating pages...
2024-10-24T06:49:02.365Z - warn: You might have an invalid intra-link! Ignore this warning if it was intended.
'/dashboards/contents/cs2103/url' found in file '/Users/damithch/Repos/nus-cs2103/dashboards-base/contents/cs2103/forum-activities-panels-fragment.md'
2024-10-24T06:49:02.366Z - info: Pages built
2024-10-24T06:49:02.445Z - info: Site data built
2024-10-24T06:49:02.445Z - info: Website generation complete! Total build time: 48.392s
2024-10-24T06:49:02.445Z - info: Build success!
2024-10-24T06:49:13.325Z - info: The website has been deployed at: https://nus-cs2103-ay2425s1.github.io/dashboards
2024-10-24T14:36:12.243Z - info: Website generation started at 10:36:12 PM
2024-10-24T14:36:12.345Z - info: Building assets...
2024-10-24T14:36:12.481Z - info: Assets built
2024-10-24T14:36:12.481Z - info: Generating pages...
2024-10-24T14:36:12.841Z - info: Pages built
2024-10-24T14:36:12.915Z - info: Site data built
2024-10-24T14:36:12.915Z - info: Website generation complete! Total build time: 0.751s
2024-10-24T14:36:12.915Z - info: Build success!
2024-10-24T14:36:18.399Z - info: The website has been deployed at: https://nus-tic2002-ay2425s1.github.io/dashboards
2024-10-24T14:57:18.229Z - info: Website generation started at 10:57:18 PM
2024-10-24T14:57:18.310Z - info: Building assets...
2024-10-24T14:57:18.382Z - info: Assets built
2024-10-24T14:57:18.382Z - info: Generating pages...
2024-10-24T14:58:04.907Z - warn: You might have an invalid intra-link! Ignore this warning if it was intended.
'/dashboards/contents/cs2103/url' found in file '/Users/damithch/Repos/nus-cs2103/dashboards-base/contents/cs2103/forum-activities-panels-fragment.md'
2024-10-24T14:58:04.908Z - info: Pages built
2024-10-24T14:58:04.976Z - info: Site data built
2024-10-24T14:58:04.976Z - info: Website generation complete! Total build time: 46.819s
2024-10-24T14:58:04.976Z - info: Build success!
2024-10-24T14:58:15.708Z - info: The website has been deployed at: https://nus-cs2103-ay2425s1.github.io/dashboards
2024-10-24T14:59:52.270Z - info: Website generation started at 10:59:52 PM
2024-10-24T14:59:52.327Z - info: Building assets...
2024-10-24T14:59:52.466Z - info: Assets built
2024-10-24T14:59:52.466Z - info: Generating pages...
2024-10-24T14:59:56.139Z - info: Pages built
2024-10-24T14:59:56.202Z - info: Site data built
2024-10-24T14:59:56.202Z - info: Website generation complete! Total build time: 3.99s
2024-10-24T14:59:56.202Z - info: Build success!
2024-10-24T15:00:01.381Z - info: The website has been deployed at: https://nus-cs2113-ay2425s1.github.io/dashboards
