2024-11-12T03:21:14.901Z - info: Website generation started at 11:21:14 AM
2024-11-12T03:21:15.097Z - info: Building assets...
2024-11-12T03:21:15.205Z - info: Assets built
2024-11-12T03:21:15.206Z - info: Generating pages...
2024-11-12T03:21:15.587Z - info: Pages built
2024-11-12T03:21:15.655Z - info: Site data built
2024-11-12T03:21:15.655Z - info: Website generation complete! Total build time: 0.832s
2024-11-12T03:21:15.655Z - info: Build success!
2024-11-12T03:21:20.025Z - info: The website has been deployed at: https://nus-tic2002-ay2425s1.github.io/dashboards
2024-11-12T03:35:02.179Z - info: Website generation started at 11:35:02 AM
2024-11-12T03:35:02.283Z - info: Building assets...
2024-11-12T03:35:02.370Z - info: Assets built
2024-11-12T03:35:02.371Z - info: Generating pages...
2024-11-12T03:36:09.618Z - warn: You might have an invalid intra-link! Ignore this warning if it was intended.
'/dashboards/contents/cs2103/url' found in file '/Users/damithch/Repos/nus-cs2103/dashboards-base/contents/cs2103/forum-activities-panels-fragment.md'
2024-11-12T03:36:09.619Z - info: Pages built
2024-11-12T03:36:09.683Z - info: Site data built
2024-11-12T03:36:09.683Z - info: Website generation complete! Total build time: 67.566s
2024-11-12T03:36:09.683Z - info: Build success!
2024-11-12T03:36:22.397Z - info: The website has been deployed at: https://nus-cs2103-ay2425s1.github.io/dashboards
2024-11-12T03:38:41.038Z - info: Website generation started at 11:38:40 AM
2024-11-12T03:38:41.134Z - info: Building assets...
2024-11-12T03:38:41.290Z - info: Assets built
2024-11-12T03:38:41.290Z - info: Generating pages...
2024-11-12T03:38:46.012Z - info: Pages built
2024-11-12T03:38:46.075Z - info: Site data built
2024-11-12T03:38:46.075Z - info: Website generation complete! Total build time: 5.101s
2024-11-12T03:38:46.075Z - info: Build success!
2024-11-12T03:38:51.078Z - info: The website has been deployed at: https://nus-cs2113-ay2425s1.github.io/dashboards
2024-11-12T13:10:36.145Z - info: Website generation started at 9:10:36 PM
2024-11-12T13:10:36.291Z - info: Building assets...
