2024-11-10T04:43:09.683Z - info: Website generation started at 12:43:09 PM
2024-11-10T04:43:09.854Z - info: Building assets...
2024-11-10T04:43:09.957Z - info: Assets built
2024-11-10T04:43:09.958Z - info: Generating pages...
2024-11-10T04:43:10.343Z - info: Pages built
2024-11-10T04:43:10.409Z - info: Site data built
2024-11-10T04:43:10.409Z - info: Website generation complete! Total build time: 0.8s
2024-11-10T04:43:10.409Z - info: Build success!
2024-11-10T04:43:14.431Z - info: The website has been deployed at: https://nus-tic2002-ay2425s1.github.io/dashboards
2024-11-10T04:55:30.622Z - info: Website generation started at 12:55:30 PM
2024-11-10T04:55:30.741Z - info: Building assets...
2024-11-10T04:55:30.828Z - info: Assets built
2024-11-10T04:55:30.828Z - info: Generating pages...
2024-11-10T04:56:35.754Z - warn: You might have an invalid intra-link! Ignore this warning if it was intended.
'/dashboards/contents/cs2103/url' found in file '/Users/damithch/Repos/nus-cs2103/dashboards-base/contents/cs2103/forum-activities-panels-fragment.md'
2024-11-10T04:56:35.755Z - info: Pages built
2024-11-10T04:56:35.820Z - info: Site data built
2024-11-10T04:56:35.821Z - info: Website generation complete! Total build time: 65.267s
2024-11-10T04:56:35.821Z - info: Build success!
2024-11-10T04:56:47.211Z - info: The website has been deployed at: https://nus-cs2103-ay2425s1.github.io/dashboards
2024-11-10T04:58:47.792Z - info: Website generation started at 12:58:47 PM
2024-11-10T04:58:47.890Z - info: Building assets...
2024-11-10T04:58:48.058Z - info: Assets built
2024-11-10T04:58:48.059Z - info: Generating pages...
2024-11-10T04:58:52.772Z - info: Pages built
2024-11-10T04:58:52.835Z - info: Site data built
2024-11-10T04:58:52.835Z - info: Website generation complete! Total build time: 5.115s
2024-11-10T04:58:52.835Z - info: Build success!
2024-11-10T04:58:58.113Z - info: The website has been deployed at: https://nus-cs2113-ay2425s1.github.io/dashboards
2024-11-10T13:25:54.163Z - info: Website generation started at 9:25:54 PM
2024-11-10T13:25:54.340Z - info: Building assets...
