2024-11-02T04:24:38.852Z - info: Website generation started at 12:24:38 PM
2024-11-02T04:24:39.003Z - info: Building assets...
2024-11-02T04:24:39.089Z - info: Assets built
2024-11-02T04:24:39.090Z - info: Generating pages...
2024-11-02T04:24:39.461Z - info: Pages built
2024-11-02T04:24:39.526Z - info: Site data built
2024-11-02T04:24:39.527Z - info: Website generation complete! Total build time: 0.75s
2024-11-02T04:24:39.527Z - info: Build success!
2024-11-02T04:24:43.500Z - info: The website has been deployed at: https://nus-tic2002-ay2425s1.github.io/dashboards
2024-11-02T04:46:15.754Z - info: Website generation started at 12:46:15 PM
2024-11-02T04:46:15.845Z - info: Building assets...
2024-11-02T04:46:15.920Z - info: Assets built
2024-11-02T04:46:15.921Z - info: Generating pages...
2024-11-02T04:47:09.273Z - warn: You might have an invalid intra-link! Ignore this warning if it was intended.
'/dashboards/contents/cs2103/url' found in file '/Users/damithch/Repos/nus-cs2103/dashboards-base/contents/cs2103/forum-activities-panels-fragment.md'
2024-11-02T04:47:09.274Z - info: Pages built
2024-11-02T04:47:09.342Z - info: Site data built
2024-11-02T04:47:09.342Z - info: Website generation complete! Total build time: 53.654s
2024-11-02T04:47:09.342Z - info: Build success!
2024-11-02T04:47:19.592Z - info: The website has been deployed at: https://nus-cs2103-ay2425s1.github.io/dashboards
2024-11-02T04:48:59.434Z - info: Website generation started at 12:48:59 PM
2024-11-02T04:48:59.525Z - info: Building assets...
2024-11-02T04:48:59.667Z - info: Assets built
2024-11-02T04:48:59.667Z - info: Generating pages...
2024-11-02T04:49:04.105Z - info: Pages built
2024-11-02T04:49:04.169Z - info: Site data built
2024-11-02T04:49:04.170Z - info: Website generation complete! Total build time: 4.778s
2024-11-02T04:49:04.170Z - info: Build success!
2024-11-02T04:49:10.263Z - info: The website has been deployed at: https://nus-cs2113-ay2425s1.github.io/dashboards
2024-11-02T07:07:14.194Z - info: Website generation started at 3:07:14 PM
2024-11-02T07:07:14.283Z - info: Building assets...
2024-11-02T07:07:14.375Z - info: Assets built
2024-11-02T07:07:14.375Z - info: Generating pages...
2024-11-02T07:07:14.805Z - info: Pages built
2024-11-02T07:07:14.874Z - info: Site data built
2024-11-02T07:07:14.874Z - info: Website generation complete! Total build time: 0.737s
2024-11-02T07:07:14.874Z - info: Build success!
2024-11-02T07:07:18.040Z - error: uncaughtException: ENOENT: no such file or directory, open '/Users/damithch/Repos/nus-cs2103/dashboards-base/_site/contents/_markbind/logs/markbind-2024-10-29.log' date=Sat Nov 02 2024 15:07:18 GMT+0800 (Singapore Standard Time), pid=27239, uid=502, gid=20, cwd=/Users/damithch/Repos/nus-cs2103/dashboards-base/contents, execPath=/opt/homebrew/Cellar/node@20/20.18.0_1/bin/node, version=v20.18.0, argv=[/opt/homebrew/Cellar/node@20/20.18.0_1/bin/node, /opt/homebrew/bin/markbind, deploy], rss=186171392, heapTotal=101416960, heapUsed=66558624, external=2389652, arrayBuffers=124983, loadavg=[4.5, 6.82763671875, 4.61572265625], uptime=75178
Error: ENOENT: no such file or directory, open '/Users/damithch/Repos/nus-cs2103/dashboards-base/_site/contents/_markbind/logs/markbind-2024-10-29.log'
2024-11-02T07:28:44.956Z - info: Website generation started at 3:28:44 PM
2024-11-02T07:28:45.041Z - info: Building assets...
2024-11-02T07:28:45.089Z - info: Assets built
2024-11-02T07:28:45.089Z - info: Generating pages...
2024-11-02T07:29:40.407Z - warn: You might have an invalid intra-link! Ignore this warning if it was intended.
'/dashboards/contents/cs2103/url' found in file '/Users/damithch/Repos/nus-cs2103/dashboards-base/contents/cs2103/forum-activities-panels-fragment.md'
2024-11-02T07:29:40.408Z - info: Pages built
2024-11-02T07:29:40.472Z - info: Site data built
2024-11-02T07:29:40.473Z - info: Website generation complete! Total build time: 55.529s
2024-11-02T07:29:40.473Z - info: Build success!
2024-11-02T07:29:50.479Z - info: The website has been deployed at: https://nus-cs2103-ay2425s1.github.io/dashboards
2024-11-02T07:31:33.666Z - info: Website generation started at 3:31:33 PM
2024-11-02T07:31:33.734Z - info: Building assets...
2024-11-02T07:31:33.862Z - info: Assets built
2024-11-02T07:31:33.862Z - info: Generating pages...
2024-11-02T07:31:36.063Z - error: Failed to copy asset markbind-plugin-tree.css for plugin markbind-plugin-tree
Error: ENOTDIR: not a directory, mkdir '/Users/damithch/Repos/nus-cs2103/dashboards-base/_site/plugins'
2024-11-02T07:31:36.063Z - error: Failed to copy asset markbind-plugin-tree.css for plugin markbind-plugin-tree
Error: ENOTDIR: not a directory, mkdir '/Users/damithch/Repos/nus-cs2103/dashboards-base/_site/plugins'
2024-11-02T07:31:36.064Z - error: Failed to copy asset markbind-plugin-anchors.css for plugin markbind-plugin-anchors
Error: ENOTDIR: not a directory, mkdir '/Users/damithch/Repos/nus-cs2103/dashboards-base/_site/plugins'
2024-11-02T07:31:36.064Z - error: Failed to copy asset markbind-plugin-anchors.css for plugin markbind-plugin-anchors
Error: ENOTDIR: not a directory, mkdir '/Users/damithch/Repos/nus-cs2103/dashboards-base/_site/plugins'
2024-11-02T07:31:36.064Z - error: Failed to copy asset markbind-plugin-tree.css for plugin markbind-plugin-tree
Error: ENOTDIR: not a directory, mkdir '/Users/damithch/Repos/nus-cs2103/dashboards-base/_site/plugins'
2024-11-02T07:31:36.064Z - error: Failed to copy asset markbind-plugin-anchors.css for plugin markbind-plugin-anchors
Error: ENOTDIR: not a directory, mkdir '/Users/damithch/Repos/nus-cs2103/dashboards-base/_site/plugins'
2024-11-02T07:31:36.064Z - error: Failed to copy asset markbind-plugin-tree.css for plugin markbind-plugin-tree
Error: ENOTDIR: not a directory, mkdir '/Users/damithch/Repos/nus-cs2103/dashboards-base/_site/plugins'
2024-11-02T07:31:36.064Z - error:  Error: ENOENT: no such file or directory, open '/Users/damithch/Repos/nus-cs2103/dashboards-base/_site/contents/forum-activities.page-vue-render.js'
2024-11-02T07:31:36.064Z - warn:  Error: Error while generating /Users/damithch/Repos/nus-cs2103/dashboards-base/contents/forum-activities.md
    at Site.<anonymous> (/opt/homebrew/lib/node_modules/markbind-cli/node_modules/@markbind/core/src/Site/index.js:971:28)
    at Generator.throw (<anonymous>)
    at rejected (/opt/homebrew/lib/node_modules/markbind-cli/node_modules/@markbind/core/src/Site/index.js:29:65)
2024-11-02T07:31:36.064Z - error:  Error: ENOENT: no such file or directory, open '/Users/damithch/Repos/nus-cs2103/dashboards-base/_site/contents/ip-comments.page-vue-render.js'
2024-11-02T07:31:38.687Z - info: Site data built
2024-11-02T07:31:38.687Z - info: Website generation complete! Total build time: 5.041s
2024-11-02T07:31:38.687Z - info: Build success!
2024-11-02T07:31:42.863Z - info: The website has been deployed at: https://nus-cs2113-ay2425s1.github.io/dashboards
2024-11-02T14:01:40.994Z - info: Website generation started at 10:01:40 PM
2024-11-02T14:01:41.086Z - info: Building assets...
2024-11-02T14:01:41.227Z - info: Assets built
2024-11-02T14:01:41.228Z - info: Generating pages...
2024-11-02T14:01:41.605Z - info: Pages built
2024-11-02T14:01:41.669Z - info: Site data built
2024-11-02T14:01:41.669Z - info: Website generation complete! Total build time: 0.751s
2024-11-02T14:01:41.670Z - info: Build success!
2024-11-02T14:01:46.004Z - info: The website has been deployed at: https://nus-tic2002-ay2425s1.github.io/dashboards
2024-11-02T14:23:57.283Z - info: Website generation started at 10:23:57 PM
2024-11-02T14:23:57.377Z - info: Building assets...
2024-11-02T14:23:57.459Z - info: Assets built
2024-11-02T14:23:57.459Z - info: Generating pages...
2024-11-02T14:24:52.525Z - warn: You might have an invalid intra-link! Ignore this warning if it was intended.
'/dashboards/contents/cs2103/url' found in file '/Users/damithch/Repos/nus-cs2103/dashboards-base/contents/cs2103/forum-activities-panels-fragment.md'
2024-11-02T14:24:52.526Z - info: Pages built
2024-11-02T14:24:52.590Z - info: Site data built
2024-11-02T14:24:52.590Z - info: Website generation complete! Total build time: 55.377s
2024-11-02T14:24:52.590Z - info: Build success!
2024-11-02T14:25:03.770Z - info: The website has been deployed at: https://nus-cs2103-ay2425s1.github.io/dashboards
2024-11-02T14:26:44.550Z - info: Website generation started at 10:26:44 PM
2024-11-02T14:26:44.640Z - info: Building assets...
2024-11-02T14:26:44.793Z - info: Assets built
2024-11-02T14:26:44.793Z - info: Generating pages...
2024-11-02T14:26:49.158Z - info: Pages built
2024-11-02T14:26:49.220Z - info: Site data built
2024-11-02T14:26:49.220Z - info: Website generation complete! Total build time: 4.738s
2024-11-02T14:26:49.220Z - info: Build success!
2024-11-02T14:26:54.580Z - info: The website has been deployed at: https://nus-cs2113-ay2425s1.github.io/dashboards
