2024-11-06T03:33:15.321Z - info: Website generation started at 11:33:15 AM
2024-11-06T03:33:15.503Z - info: Building assets...
2024-11-06T03:33:15.596Z - info: Assets built
2024-11-06T03:33:15.596Z - info: Generating pages...
2024-11-06T03:33:16.014Z - info: Pages built
2024-11-06T03:33:16.081Z - info: Site data built
2024-11-06T03:33:16.081Z - info: Website generation complete! Total build time: 0.839s
2024-11-06T03:33:16.081Z - info: Build success!
2024-11-06T03:33:20.813Z - info: The website has been deployed at: https://nus-tic2002-ay2425s1.github.io/dashboards
2024-11-06T03:57:33.538Z - info: Website generation started at 11:57:33 AM
2024-11-06T03:57:33.638Z - info: Building assets...
2024-11-06T03:57:33.723Z - info: Assets built
2024-11-06T03:57:33.724Z - info: Generating pages...
2024-11-06T03:58:33.649Z - warn: You might have an invalid intra-link! Ignore this warning if it was intended.
'/dashboards/contents/cs2103/url' found in file '/Users/damithch/Repos/nus-cs2103/dashboards-base/contents/cs2103/forum-activities-panels-fragment.md'
2024-11-06T03:58:33.650Z - info: Pages built
2024-11-06T03:58:33.720Z - info: Site data built
2024-11-06T03:58:33.720Z - info: Website generation complete! Total build time: 60.252s
2024-11-06T03:58:33.720Z - info: Build success!
2024-11-06T03:58:46.434Z - info: The website has been deployed at: https://nus-cs2103-ay2425s1.github.io/dashboards
2024-11-06T04:00:35.441Z - info: Website generation started at 12:00:35 PM
2024-11-06T04:00:35.547Z - info: Building assets...
2024-11-06T04:00:35.718Z - info: Assets built
2024-11-06T04:00:35.718Z - info: Generating pages...
2024-11-06T04:00:40.388Z - info: Pages built
2024-11-06T04:00:40.455Z - info: Site data built
2024-11-06T04:00:40.455Z - info: Website generation complete! Total build time: 5.093s
2024-11-06T04:00:40.455Z - info: Build success!
2024-11-06T04:00:45.851Z - info: The website has been deployed at: https://nus-cs2113-ay2425s1.github.io/dashboards
2024-11-06T13:52:17.363Z - info: Website generation started at 9:52:17 PM
2024-11-06T13:52:17.503Z - info: Building assets...
2024-11-06T13:52:17.603Z - info: Assets built
2024-11-06T13:52:17.603Z - info: Generating pages...
2024-11-06T13:52:17.990Z - info: Pages built
2024-11-06T13:52:18.056Z - info: Site data built
2024-11-06T13:52:18.056Z - info: Website generation complete! Total build time: 0.774s
2024-11-06T13:52:18.056Z - info: Build success!
2024-11-06T13:52:23.816Z - info: The website has been deployed at: https://nus-tic2002-ay2425s1.github.io/dashboards
2024-11-06T14:20:53.042Z - info: Website generation started at 10:20:52 PM
2024-11-06T14:20:53.146Z - info: Building assets...
2024-11-06T14:20:53.228Z - info: Assets built
2024-11-06T14:20:53.228Z - info: Generating pages...
2024-11-06T14:21:53.258Z - warn: You might have an invalid intra-link! Ignore this warning if it was intended.
'/dashboards/contents/cs2103/url' found in file '/Users/damithch/Repos/nus-cs2103/dashboards-base/contents/cs2103/forum-activities-panels-fragment.md'
2024-11-06T14:21:53.260Z - info: Pages built
2024-11-06T14:21:53.334Z - info: Site data built
2024-11-06T14:21:53.335Z - info: Website generation complete! Total build time: 60.359s
2024-11-06T14:21:53.335Z - info: Build success!
2024-11-06T14:22:09.153Z - info: The website has been deployed at: https://nus-cs2103-ay2425s1.github.io/dashboards
2024-11-06T15:10:38.157Z - info: Website generation started at 11:10:38 PM
2024-11-06T15:10:38.316Z - info: Building assets...
2024-11-06T15:10:38.479Z - info: Assets built
2024-11-06T15:10:38.480Z - info: Generating pages...
2024-11-06T15:10:43.192Z - info: Pages built
2024-11-06T15:10:43.256Z - info: Site data built
2024-11-06T15:10:43.256Z - info: Website generation complete! Total build time: 5.164s
2024-11-06T15:10:43.256Z - info: Build success!
2024-11-06T15:10:49.295Z - info: The website has been deployed at: https://nus-cs2113-ay2425s1.github.io/dashboards
