2024-10-26T03:17:16.484Z - info: Website generation started at 11:17:16 AM
2024-10-26T03:17:16.571Z - info: Building assets...
2024-10-26T03:17:16.654Z - info: Assets built
2024-10-26T03:17:16.654Z - info: Generating pages...
2024-10-26T03:17:17.034Z - info: Pages built
2024-10-26T03:17:17.096Z - info: Site data built
2024-10-26T03:17:17.097Z - info: Website generation complete! Total build time: 0.669s
2024-10-26T03:17:17.097Z - info: Build success!
2024-10-26T03:17:21.323Z - info: The website has been deployed at: https://nus-tic2002-ay2425s1.github.io/dashboards
2024-10-26T03:35:57.207Z - info: Website generation started at 11:35:57 AM
2024-10-26T03:35:57.301Z - info: Building assets...
2024-10-26T03:35:57.377Z - info: Assets built
2024-10-26T03:35:57.378Z - info: Generating pages...
2024-10-26T03:36:51.970Z - warn: You might have an invalid intra-link! Ignore this warning if it was intended.
'/dashboards/contents/cs2103/url' found in file '/Users/damithch/Repos/nus-cs2103/dashboards-base/contents/cs2103/forum-activities-panels-fragment.md'
2024-10-26T03:36:51.971Z - info: Pages built
2024-10-26T03:36:52.038Z - info: Site data built
2024-10-26T03:36:52.038Z - info: Website generation complete! Total build time: 54.887s
2024-10-26T03:36:52.038Z - info: Build success!
2024-10-26T03:37:02.365Z - info: The website has been deployed at: https://nus-cs2103-ay2425s1.github.io/dashboards
2024-10-26T03:38:35.535Z - info: Website generation started at 11:38:35 AM
2024-10-26T03:38:35.595Z - info: Building assets...
2024-10-26T03:38:35.729Z - info: Assets built
2024-10-26T03:38:35.729Z - info: Generating pages...
2024-10-26T03:38:40.488Z - info: Pages built
2024-10-26T03:38:40.559Z - info: Site data built
2024-10-26T03:38:40.560Z - info: Website generation complete! Total build time: 5.08s
2024-10-26T03:38:40.560Z - info: Build success!
2024-10-26T03:38:45.782Z - info: The website has been deployed at: https://nus-cs2113-ay2425s1.github.io/dashboards
2024-10-26T09:11:21.395Z - info: Website generation started at 5:11:21 PM
2024-10-26T09:11:21.522Z - info: Building assets...
2024-10-26T09:11:21.665Z - info: Assets built
2024-10-26T09:11:21.665Z - info: Generating pages...
2024-10-26T09:12:13.796Z - warn: You might have an invalid intra-link! Ignore this warning if it was intended.
'/dashboards/contents/cs2103/url' found in file '/Users/damithch/Repos/nus-cs2103/dashboards-base/contents/cs2103/forum-activities-panels-fragment.md'
2024-10-26T09:12:13.797Z - info: Pages built
2024-10-26T09:12:13.859Z - info: Site data built
2024-10-26T09:12:13.859Z - info: Website generation complete! Total build time: 52.53s
2024-10-26T09:12:13.859Z - info: Build success!
2024-10-26T09:12:23.818Z - info: The website has been deployed at: https://nus-cs2103-ay2425s1.github.io/dashboards
2024-10-26T13:50:48.554Z - info: Website generation started at 9:50:48 PM
2024-10-26T13:50:48.633Z - info: Building assets...
2024-10-26T13:50:48.774Z - info: Assets built
2024-10-26T13:50:48.774Z - info: Generating pages...
2024-10-26T13:50:49.190Z - info: Pages built
2024-10-26T13:50:49.255Z - info: Site data built
2024-10-26T13:50:49.256Z - info: Website generation complete! Total build time: 0.764s
2024-10-26T13:50:49.256Z - info: Build success!
2024-10-26T13:50:53.178Z - info: The website has been deployed at: https://nus-tic2002-ay2425s1.github.io/dashboards
2024-10-26T14:10:40.981Z - info: Website generation started at 10:10:40 PM
2024-10-26T14:10:41.065Z - info: Building assets...
2024-10-26T14:10:41.141Z - info: Assets built
2024-10-26T14:10:41.142Z - info: Generating pages...
2024-10-26T14:11:31.979Z - warn: You might have an invalid intra-link! Ignore this warning if it was intended.
'/dashboards/contents/cs2103/url' found in file '/Users/damithch/Repos/nus-cs2103/dashboards-base/contents/cs2103/forum-activities-panels-fragment.md'
2024-10-26T14:11:31.980Z - info: Pages built
2024-10-26T14:11:32.051Z - info: Site data built
2024-10-26T14:11:32.051Z - info: Website generation complete! Total build time: 51.134s
2024-10-26T14:11:32.051Z - info: Build success!
2024-10-26T14:11:42.240Z - info: The website has been deployed at: https://nus-cs2103-ay2425s1.github.io/dashboards
2024-10-26T14:13:13.342Z - info: Website generation started at 10:13:13 PM
2024-10-26T14:13:13.400Z - info: Building assets...
2024-10-26T14:13:13.469Z - info: Assets built
2024-10-26T14:13:13.469Z - info: Generating pages...
2024-10-26T14:13:17.919Z - info: Pages built
2024-10-26T14:13:17.972Z - info: Site data built
2024-10-26T14:13:17.972Z - info: Website generation complete! Total build time: 4.673s
2024-10-26T14:13:17.972Z - info: Build success!
2024-10-26T14:13:23.997Z - info: The website has been deployed at: https://nus-cs2113-ay2425s1.github.io/dashboards
