2024-10-22T23:51:59.869Z - info: Website generation started at 7:51:59 AM
2024-10-22T23:51:59.948Z - info: Building assets...
2024-10-22T23:52:00.035Z - info: Assets built
2024-10-22T23:52:00.035Z - info: Generating pages...
2024-10-22T23:52:00.433Z - info: Pages built
2024-10-22T23:52:00.502Z - info: Site data built
2024-10-22T23:52:00.502Z - info: Website generation complete! Total build time: 0.71s
2024-10-22T23:52:00.502Z - info: Build success!
2024-10-22T23:52:06.181Z - info: The website has been deployed at: https://nus-tic2002-ay2425s1.github.io/dashboards
2024-10-23T00:10:07.484Z - info: Website generation started at 8:10:07 AM
2024-10-23T00:10:07.565Z - info: Building assets...
2024-10-23T00:10:07.643Z - info: Assets built
2024-10-23T00:10:07.643Z - info: Generating pages...
2024-10-23T00:10:53.394Z - warn: You might have an invalid intra-link! Ignore this warning if it was intended.
'/dashboards/contents/cs2103/url' found in file '/Users/damithch/Repos/nus-cs2103/dashboards-base/contents/cs2103/forum-activities-panels-fragment.md'
2024-10-23T00:10:53.395Z - info: Pages built
2024-10-23T00:10:53.467Z - info: Site data built
2024-10-23T00:10:53.467Z - info: Website generation complete! Total build time: 46.058s
2024-10-23T00:10:53.467Z - info: Build success!
2024-10-23T00:11:03.724Z - info: The website has been deployed at: https://nus-cs2103-ay2425s1.github.io/dashboards
2024-10-23T00:12:48.792Z - info: Website generation started at 8:12:48 AM
2024-10-23T00:12:48.851Z - info: Building assets...
2024-10-23T00:12:48.984Z - info: Assets built
2024-10-23T00:12:48.984Z - info: Generating pages...
2024-10-23T00:12:52.761Z - info: Pages built
2024-10-23T00:12:52.825Z - info: Site data built
2024-10-23T00:12:52.825Z - info: Website generation complete! Total build time: 4.075s
2024-10-23T00:12:52.825Z - info: Build success!
2024-10-23T00:12:57.908Z - info: The website has been deployed at: https://nus-cs2113-ay2425s1.github.io/dashboards
2024-10-23T04:22:16.847Z - info: Website generation started at 12:22:16 PM
2024-10-23T04:22:16.932Z - info: Building assets...
2024-10-23T04:22:17.014Z - info: Assets built
2024-10-23T04:22:17.015Z - info: Generating pages...
2024-10-23T04:22:59.747Z - warn: You might have an invalid intra-link! Ignore this warning if it was intended.
'/dashboards/contents/cs2103/url' found in file '/Users/damithch/Repos/nus-cs2103/dashboards-base/contents/cs2103/forum-activities-panels-fragment.md'
2024-10-23T04:22:59.747Z - info: Pages built
2024-10-23T04:22:59.820Z - info: Site data built
2024-10-23T04:22:59.820Z - info: Website generation complete! Total build time: 43.043s
2024-10-23T04:22:59.820Z - info: Build success!
2024-10-23T04:23:10.501Z - info: The website has been deployed at: https://nus-cs2103-ay2425s1.github.io/dashboards
2024-10-23T13:21:49.424Z - info: Website generation started at 9:21:49 PM
2024-10-23T13:21:49.513Z - info: Building assets...
2024-10-23T13:21:49.685Z - info: Assets built
2024-10-23T13:21:49.686Z - info: Generating pages...
2024-10-23T13:21:50.063Z - info: Pages built
2024-10-23T13:21:50.126Z - info: Site data built
2024-10-23T13:21:50.127Z - info: Website generation complete! Total build time: 0.777s
2024-10-23T13:21:50.127Z - info: Build success!
2024-10-23T13:21:54.563Z - info: The website has been deployed at: https://nus-tic2002-ay2425s1.github.io/dashboards
2024-10-23T13:45:24.505Z - info: Website generation started at 9:45:24 PM
2024-10-23T13:45:24.589Z - info: Building assets...
2024-10-23T13:45:24.664Z - info: Assets built
2024-10-23T13:45:24.664Z - info: Generating pages...
2024-10-23T13:46:11.401Z - warn: You might have an invalid intra-link! Ignore this warning if it was intended.
'/dashboards/contents/cs2103/url' found in file '/Users/damithch/Repos/nus-cs2103/dashboards-base/contents/cs2103/forum-activities-panels-fragment.md'
2024-10-23T13:46:11.401Z - info: Pages built
2024-10-23T13:46:11.470Z - info: Site data built
2024-10-23T13:46:11.470Z - info: Website generation complete! Total build time: 47.05s
2024-10-23T13:46:11.470Z - info: Build success!
2024-10-23T13:46:22.187Z - info: The website has been deployed at: https://nus-cs2103-ay2425s1.github.io/dashboards
2024-10-23T13:48:18.413Z - info: Website generation started at 9:48:18 PM
2024-10-23T13:48:18.491Z - info: Building assets...
2024-10-23T13:48:18.638Z - info: Assets built
2024-10-23T13:48:18.638Z - info: Generating pages...
2024-10-23T13:48:22.386Z - info: Pages built
2024-10-23T13:48:22.452Z - info: Site data built
2024-10-23T13:48:22.452Z - info: Website generation complete! Total build time: 4.108s
2024-10-23T13:48:22.452Z - info: Build success!
2024-10-23T13:48:28.992Z - info: The website has been deployed at: https://nus-cs2113-ay2425s1.github.io/dashboards
2024-10-23T15:29:26.757Z - info: Website generation started at 11:29:26 PM
2024-10-23T15:29:26.839Z - info: Building assets...
2024-10-23T15:29:26.924Z - info: Assets built
2024-10-23T15:29:26.925Z - info: Generating pages...
2024-10-23T15:30:11.824Z - warn: You might have an invalid intra-link! Ignore this warning if it was intended.
'/dashboards/contents/cs2103/url' found in file '/Users/damithch/Repos/nus-cs2103/dashboards-base/contents/cs2103/forum-activities-panels-fragment.md'
2024-10-23T15:30:11.824Z - info: Pages built
2024-10-23T15:30:11.895Z - info: Site data built
2024-10-23T15:30:11.895Z - info: Website generation complete! Total build time: 45.219s
2024-10-23T15:30:11.895Z - info: Build success!
2024-10-23T15:30:23.500Z - info: The website has been deployed at: https://nus-cs2103-ay2425s1.github.io/dashboards
