2024-10-30T02:49:59.076Z - info: Website generation started at 10:49:59 AM
2024-10-30T02:49:59.208Z - info: Building assets...
2024-10-30T02:49:59.358Z - info: Assets built
2024-10-30T02:49:59.358Z - info: Generating pages...
2024-10-30T02:49:59.740Z - info: Pages built
2024-10-30T02:49:59.808Z - info: Site data built
2024-10-30T02:49:59.808Z - info: Website generation complete! Total build time: 0.805s
2024-10-30T02:49:59.808Z - info: Build success!
2024-10-30T02:50:04.132Z - info: The website has been deployed at: https://nus-tic2002-ay2425s1.github.io/dashboards
2024-10-30T03:10:49.430Z - info: Website generation started at 11:10:49 AM
2024-10-30T03:10:49.537Z - info: Building assets...
2024-10-30T03:10:49.615Z - info: Assets built
2024-10-30T03:10:49.615Z - info: Generating pages...
2024-10-30T03:11:41.924Z - warn: You might have an invalid intra-link! Ignore this warning if it was intended.
'/dashboards/contents/cs2103/url' found in file '/Users/damithch/Repos/nus-cs2103/dashboards-base/contents/cs2103/forum-activities-panels-fragment.md'
2024-10-30T03:11:41.924Z - info: Pages built
2024-10-30T03:11:41.994Z - info: Site data built
2024-10-30T03:11:41.994Z - info: Website generation complete! Total build time: 52.634s
2024-10-30T03:11:41.994Z - info: Build success!
2024-10-30T03:11:52.314Z - info: The website has been deployed at: https://nus-cs2103-ay2425s1.github.io/dashboards
2024-10-30T03:13:30.550Z - info: Website generation started at 11:13:30 AM
2024-10-30T03:13:30.624Z - info: Building assets...
2024-10-30T03:13:30.750Z - info: Assets built
2024-10-30T03:13:30.750Z - info: Generating pages...
2024-10-30T03:13:35.102Z - info: Pages built
2024-10-30T03:13:35.166Z - info: Site data built
2024-10-30T03:13:35.166Z - info: Website generation complete! Total build time: 4.68s
2024-10-30T03:13:35.166Z - info: Build success!
2024-10-30T03:13:41.090Z - info: The website has been deployed at: https://nus-cs2113-ay2425s1.github.io/dashboards
2024-10-30T12:53:34.531Z - info: Website generation started at 8:53:34 PM
2024-10-30T12:53:34.682Z - info: Building assets...
2024-10-30T12:53:34.778Z - info: Assets built
2024-10-30T12:53:34.779Z - info: Generating pages...
2024-10-30T12:53:35.157Z - info: Pages built
2024-10-30T12:53:35.253Z - info: Site data built
2024-10-30T12:53:35.253Z - info: Website generation complete! Total build time: 0.8s
2024-10-30T12:53:35.254Z - info: Build success!
2024-10-30T12:53:39.300Z - info: The website has been deployed at: https://nus-tic2002-ay2425s1.github.io/dashboards
2024-10-30T13:15:31.214Z - info: Website generation started at 9:15:31 PM
2024-10-30T13:15:31.304Z - info: Building assets...
2024-10-30T13:15:31.383Z - info: Assets built
2024-10-30T13:15:31.384Z - info: Generating pages...
2024-10-30T13:16:26.840Z - warn: You might have an invalid intra-link! Ignore this warning if it was intended.
'/dashboards/contents/cs2103/url' found in file '/Users/damithch/Repos/nus-cs2103/dashboards-base/contents/cs2103/forum-activities-panels-fragment.md'
2024-10-30T13:16:26.843Z - info: Pages built
2024-10-30T13:16:26.916Z - info: Site data built
2024-10-30T13:16:26.916Z - info: Website generation complete! Total build time: 55.766s
2024-10-30T13:16:26.916Z - info: Build success!
2024-10-30T13:16:39.136Z - info: The website has been deployed at: https://nus-cs2103-ay2425s1.github.io/dashboards
2024-10-30T13:18:15.467Z - info: Website generation started at 9:18:15 PM
2024-10-30T13:18:15.550Z - info: Building assets...
2024-10-30T13:18:15.706Z - info: Assets built
2024-10-30T13:18:15.706Z - info: Generating pages...
2024-10-30T13:18:20.056Z - info: Pages built
2024-10-30T13:18:20.124Z - info: Site data built
2024-10-30T13:18:20.124Z - info: Website generation complete! Total build time: 4.731s
2024-10-30T13:18:20.124Z - info: Build success!
2024-10-30T13:18:25.297Z - info: The website has been deployed at: https://nus-cs2113-ay2425s1.github.io/dashboards
