2024-11-05T03:10:27.183Z - info: Website generation started at 11:10:27 AM
2024-11-05T03:10:27.341Z - info: Building assets...
2024-11-05T03:10:27.437Z - info: Assets built
2024-11-05T03:10:27.438Z - info: Generating pages...
2024-11-05T03:10:27.807Z - info: Pages built
2024-11-05T03:10:27.878Z - info: Site data built
2024-11-05T03:10:27.878Z - info: Website generation complete! Total build time: 0.773s
2024-11-05T03:10:27.878Z - info: Build success!
2024-11-05T03:10:31.730Z - info: The website has been deployed at: https://nus-tic2002-ay2425s1.github.io/dashboards
2024-11-05T03:34:06.783Z - info: Website generation started at 11:34:06 AM
2024-11-05T03:34:06.884Z - info: Building assets...
2024-11-05T03:34:06.966Z - info: Assets built
2024-11-05T03:34:06.966Z - info: Generating pages...
2024-11-05T03:35:06.258Z - warn: You might have an invalid intra-link! Ignore this warning if it was intended.
'/dashboards/contents/cs2103/url' found in file '/Users/damithch/Repos/nus-cs2103/dashboards-base/contents/cs2103/forum-activities-panels-fragment.md'
2024-11-05T03:35:06.259Z - info: Pages built
2024-11-05T03:35:06.334Z - info: Site data built
2024-11-05T03:35:06.334Z - info: Website generation complete! Total build time: 59.628s
2024-11-05T03:35:06.334Z - info: Build success!
2024-11-05T03:35:22.789Z - info: The website has been deployed at: https://nus-cs2103-ay2425s1.github.io/dashboards
2024-11-05T03:37:11.468Z - info: Website generation started at 11:37:11 AM
2024-11-05T03:37:11.563Z - info: Building assets...
2024-11-05T03:37:11.720Z - info: Assets built
2024-11-05T03:37:11.720Z - info: Generating pages...
2024-11-05T03:37:16.244Z - info: Pages built
2024-11-05T03:37:16.309Z - info: Site data built
2024-11-05T03:37:16.310Z - info: Website generation complete! Total build time: 4.91s
2024-11-05T03:37:16.310Z - info: Build success!
2024-11-05T03:37:20.743Z - info: The website has been deployed at: https://nus-cs2113-ay2425s1.github.io/dashboards
2024-11-05T13:53:27.909Z - info: Website generation started at 9:53:27 PM
2024-11-05T13:53:28.071Z - info: Building assets...
2024-11-05T13:53:28.166Z - info: Assets built
2024-11-05T13:53:28.166Z - info: Generating pages...
2024-11-05T13:53:28.543Z - info: Pages built
2024-11-05T13:53:28.609Z - info: Site data built
2024-11-05T13:53:28.609Z - info: Website generation complete! Total build time: 0.782s
2024-11-05T13:53:28.609Z - info: Build success!
2024-11-05T13:53:32.738Z - info: The website has been deployed at: https://nus-tic2002-ay2425s1.github.io/dashboards
2024-11-05T14:19:52.704Z - info: Website generation started at 10:19:52 PM
2024-11-05T14:19:52.820Z - info: Building assets...
2024-11-05T14:19:52.905Z - info: Assets built
2024-11-05T14:19:52.905Z - info: Generating pages...
2024-11-05T14:20:52.396Z - warn: You might have an invalid intra-link! Ignore this warning if it was intended.
'/dashboards/contents/cs2103/url' found in file '/Users/damithch/Repos/nus-cs2103/dashboards-base/contents/cs2103/forum-activities-panels-fragment.md'
2024-11-05T14:20:52.397Z - info: Pages built
2024-11-05T14:20:52.468Z - info: Site data built
2024-11-05T14:20:52.468Z - info: Website generation complete! Total build time: 59.83s
2024-11-05T14:20:52.468Z - info: Build success!
2024-11-05T14:21:05.374Z - info: The website has been deployed at: https://nus-cs2103-ay2425s1.github.io/dashboards
2024-11-05T14:22:58.654Z - info: Website generation started at 10:22:58 PM
2024-11-05T14:22:58.745Z - info: Building assets...
2024-11-05T14:22:58.909Z - info: Assets built
2024-11-05T14:22:58.909Z - info: Generating pages...
2024-11-05T14:23:03.367Z - info: Pages built
2024-11-05T14:23:03.430Z - info: Site data built
2024-11-05T14:23:03.430Z - info: Website generation complete! Total build time: 4.837s
2024-11-05T14:23:03.430Z - info: Build success!
2024-11-05T14:23:10.055Z - info: The website has been deployed at: https://nus-cs2113-ay2425s1.github.io/dashboards
