2024-11-09T03:53:44.047Z - info: Website generation started at 11:53:43 AM
2024-11-09T03:53:44.229Z - info: Building assets...
2024-11-09T03:53:44.333Z - info: Assets built
2024-11-09T03:53:44.334Z - info: Generating pages...
2024-11-09T03:53:44.789Z - info: Pages built
2024-11-09T03:53:44.859Z - info: Site data built
2024-11-09T03:53:44.859Z - info: Website generation complete! Total build time: 0.885s
2024-11-09T03:53:44.859Z - info: Build success!
2024-11-09T03:53:49.681Z - info: The website has been deployed at: https://nus-tic2002-ay2425s1.github.io/dashboards
2024-11-09T04:07:00.187Z - info: Website generation started at 12:07:00 PM
2024-11-09T04:07:00.284Z - info: Building assets...
2024-11-09T04:07:00.372Z - info: Assets built
2024-11-09T04:07:00.372Z - info: Generating pages...
2024-11-09T04:08:05.696Z - warn: You might have an invalid intra-link! Ignore this warning if it was intended.
'/dashboards/contents/cs2103/url' found in file '/Users/damithch/Repos/nus-cs2103/dashboards-base/contents/cs2103/forum-activities-panels-fragment.md'
2024-11-09T04:08:05.697Z - info: Pages built
2024-11-09T04:08:05.765Z - info: Site data built
2024-11-09T04:08:05.765Z - info: Website generation complete! Total build time: 65.642s
2024-11-09T04:08:05.765Z - info: Build success!
2024-11-09T04:08:17.187Z - info: The website has been deployed at: https://nus-cs2103-ay2425s1.github.io/dashboards
2024-11-09T04:10:23.240Z - info: Website generation started at 12:10:23 PM
2024-11-09T04:10:23.307Z - info: Building assets...
2024-11-09T04:10:23.465Z - info: Assets built
2024-11-09T04:10:23.466Z - info: Generating pages...
2024-11-09T04:10:28.152Z - info: Pages built
2024-11-09T04:10:28.213Z - info: Site data built
2024-11-09T04:10:28.213Z - info: Website generation complete! Total build time: 5.036s
2024-11-09T04:10:28.213Z - info: Build success!
2024-11-09T04:10:34.002Z - info: The website has been deployed at: https://nus-cs2113-ay2425s1.github.io/dashboards
2024-11-09T14:24:57.586Z - info: Website generation started at 10:24:57 PM
2024-11-09T14:24:57.773Z - info: Building assets...
2024-11-09T14:24:57.873Z - info: Assets built
2024-11-09T14:24:57.874Z - info: Generating pages...
2024-11-09T14:24:58.283Z - info: Pages built
2024-11-09T14:24:58.352Z - info: Site data built
2024-11-09T14:24:58.353Z - info: Website generation complete! Total build time: 0.844s
2024-11-09T14:24:58.353Z - info: Build success!
2024-11-09T14:25:03.297Z - info: The website has been deployed at: https://nus-tic2002-ay2425s1.github.io/dashboards
2024-11-09T14:37:26.239Z - info: Website generation started at 10:37:26 PM
2024-11-09T14:37:26.478Z - info: Building assets...
2024-11-09T14:37:26.590Z - info: Assets built
2024-11-09T14:37:26.590Z - info: Generating pages...
2024-11-09T14:38:33.783Z - warn: You might have an invalid intra-link! Ignore this warning if it was intended.
'/dashboards/contents/cs2103/url' found in file '/Users/damithch/Repos/nus-cs2103/dashboards-base/contents/cs2103/forum-activities-panels-fragment.md'
2024-11-09T14:38:33.784Z - info: Pages built
2024-11-09T14:38:33.846Z - info: Site data built
2024-11-09T14:38:33.846Z - info: Website generation complete! Total build time: 67.68s
2024-11-09T14:38:33.846Z - info: Build success!
2024-11-09T14:38:44.735Z - info: The website has been deployed at: https://nus-cs2103-ay2425s1.github.io/dashboards
2024-11-09T14:40:54.587Z - info: Website generation started at 10:40:54 PM
2024-11-09T14:40:54.653Z - info: Building assets...
2024-11-09T14:40:54.815Z - info: Assets built
2024-11-09T14:40:54.815Z - info: Generating pages...
2024-11-09T14:40:59.554Z - info: Pages built
2024-11-09T14:40:59.612Z - info: Site data built
2024-11-09T14:40:59.612Z - info: Website generation complete! Total build time: 5.084s
2024-11-09T14:40:59.612Z - info: Build success!
2024-11-09T14:41:05.000Z - info: The website has been deployed at: https://nus-cs2113-ay2425s1.github.io/dashboards
