2024-11-03T16:54:35.981Z - info: Website generation started at 12:54:35 AM
2024-11-03T16:54:36.073Z - info: Building assets...
2024-11-03T16:54:36.169Z - info: Assets built
2024-11-03T16:54:36.169Z - info: Generating pages...
2024-11-03T16:54:36.643Z - info: Pages built
2024-11-03T16:54:36.712Z - info: Site data built
2024-11-03T16:54:36.712Z - info: Website generation complete! Total build time: 0.784s
2024-11-03T16:54:36.712Z - info: Build success!
2024-11-03T16:54:38.884Z - error: uncaughtException: ENOENT: no such file or directory, open '/Users/damithch/Repos/nus-cs2103/dashboards-base/_site/contents/_markbind/logs/markbind-2024-10-31.log' date=Mon Nov 04 2024 00:54:38 GMT+0800 (Singapore Standard Time), pid=77985, uid=502, gid=20, cwd=/Users/damithch/Repos/nus-cs2103/dashboards-base/contents, execPath=/opt/homebrew/Cellar/node@20/20.18.0_1/bin/node, version=v20.18.0, argv=[/opt/homebrew/Cellar/node@20/20.18.0_1/bin/node, /opt/homebrew/bin/markbind, deploy], rss=173375488, heapTotal=102957056, heapUsed=67983104, external=2387925, arrayBuffers=123256, loadavg=[8.7822265625, 4.56201171875, 4.21630859375], uptime=196817
Error: ENOENT: no such file or directory, open '/Users/damithch/Repos/nus-cs2103/dashboards-base/_site/contents/_markbind/logs/markbind-2024-10-31.log'
2024-11-03T17:16:58.405Z - info: Website generation started at 1:16:58 AM
2024-11-03T17:16:58.497Z - info: Building assets...
2024-11-03T17:16:58.551Z - info: Assets built
2024-11-03T17:16:58.551Z - info: Generating pages...
2024-11-03T17:17:56.120Z - warn: You might have an invalid intra-link! Ignore this warning if it was intended.
'/dashboards/contents/cs2103/url' found in file '/Users/damithch/Repos/nus-cs2103/dashboards-base/contents/cs2103/forum-activities-panels-fragment.md'
2024-11-03T17:17:56.121Z - info: Pages built
2024-11-03T17:17:56.191Z - info: Site data built
2024-11-03T17:17:56.191Z - info: Website generation complete! Total build time: 57.798s
2024-11-03T17:17:56.191Z - info: Build success!
2024-11-03T17:18:06.650Z - info: The website has been deployed at: https://nus-cs2103-ay2425s1.github.io/dashboards
2024-11-03T17:19:46.794Z - info: Website generation started at 1:19:46 AM
2024-11-03T17:19:46.886Z - info: Building assets...
2024-11-03T17:19:47.039Z - info: Assets built
2024-11-03T17:19:47.039Z - info: Generating pages...
2024-11-03T17:19:49.283Z - error: Failed to copy asset markbind-plugin-anchors.css for plugin markbind-plugin-anchors
Error: ENOTDIR: not a directory, mkdir '/Users/damithch/Repos/nus-cs2103/dashboards-base/_site/plugins'
2024-11-03T17:19:49.283Z - error: Failed to copy asset markbind-plugin-anchors.css for plugin markbind-plugin-anchors
Error: ENOTDIR: not a directory, mkdir '/Users/damithch/Repos/nus-cs2103/dashboards-base/_site/plugins'
2024-11-03T17:19:49.283Z - error: Failed to copy asset markbind-plugin-anchors.css for plugin markbind-plugin-anchors
Error: ENOTDIR: not a directory, mkdir '/Users/damithch/Repos/nus-cs2103/dashboards-base/_site/plugins'
2024-11-03T17:19:49.283Z - error: Failed to copy asset markbind-plugin-tree.css for plugin markbind-plugin-tree
Error: ENOTDIR: not a directory, mkdir '/Users/damithch/Repos/nus-cs2103/dashboards-base/_site/plugins'
2024-11-03T17:19:49.284Z - error: Failed to copy asset markbind-plugin-tree.css for plugin markbind-plugin-tree
Error: ENOTDIR: not a directory, mkdir '/Users/damithch/Repos/nus-cs2103/dashboards-base/_site/plugins'
2024-11-03T17:19:49.284Z - error: Failed to copy asset markbind-plugin-tree.css for plugin markbind-plugin-tree
Error: ENOTDIR: not a directory, mkdir '/Users/damithch/Repos/nus-cs2103/dashboards-base/_site/plugins'
2024-11-03T17:19:49.284Z - error: Failed to copy asset markbind-plugin-anchors.css for plugin markbind-plugin-anchors
Error: ENOTDIR: not a directory, mkdir '/Users/damithch/Repos/nus-cs2103/dashboards-base/_site/plugins'
2024-11-03T17:19:51.538Z - info: Pages built
2024-11-03T17:19:51.603Z - info: Site data built
2024-11-03T17:19:51.603Z - info: Website generation complete! Total build time: 4.839s
2024-11-03T17:19:51.603Z - info: Build success!
2024-11-03T17:19:56.264Z - info: The website has been deployed at: https://nus-cs2113-ay2425s1.github.io/dashboards
2024-11-04T03:36:25.737Z - info: Website generation started at 11:36:25 AM
2024-11-04T03:36:25.892Z - info: Building assets...
2024-11-04T03:36:26.045Z - info: Assets built
2024-11-04T03:36:26.045Z - info: Generating pages...
2024-11-04T03:36:26.439Z - info: Pages built
2024-11-04T03:36:26.505Z - info: Site data built
2024-11-04T03:36:26.505Z - info: Website generation complete! Total build time: 0.858s
2024-11-04T03:36:26.505Z - info: Build success!
2024-11-04T03:36:31.193Z - info: The website has been deployed at: https://nus-tic2002-ay2425s1.github.io/dashboards
2024-11-04T03:58:30.729Z - info: Website generation started at 11:58:30 AM
2024-11-04T03:58:30.823Z - info: Building assets...
2024-11-04T03:58:30.902Z - info: Assets built
2024-11-04T03:58:30.902Z - info: Generating pages...
2024-11-04T03:59:25.910Z - warn: You might have an invalid intra-link! Ignore this warning if it was intended.
'/dashboards/contents/cs2103/url' found in file '/Users/damithch/Repos/nus-cs2103/dashboards-base/contents/cs2103/forum-activities-panels-fragment.md'
2024-11-04T03:59:25.911Z - info: Pages built
2024-11-04T03:59:25.973Z - info: Site data built
2024-11-04T03:59:25.974Z - info: Website generation complete! Total build time: 55.312s
2024-11-04T03:59:25.974Z - info: Build success!
2024-11-04T03:59:36.462Z - info: The website has been deployed at: https://nus-cs2103-ay2425s1.github.io/dashboards
2024-11-04T04:01:18.586Z - info: Website generation started at 12:01:18 PM
2024-11-04T04:01:18.680Z - info: Building assets...
2024-11-04T04:01:18.839Z - info: Assets built
2024-11-04T04:01:18.839Z - info: Generating pages...
2024-11-04T04:01:23.256Z - info: Pages built
2024-11-04T04:01:23.319Z - info: Site data built
2024-11-04T04:01:23.319Z - info: Website generation complete! Total build time: 4.802s
2024-11-04T04:01:23.319Z - info: Build success!
2024-11-04T04:01:29.149Z - info: The website has been deployed at: https://nus-cs2113-ay2425s1.github.io/dashboards
2024-11-04T14:30:54.456Z - info: Website generation started at 10:30:54 PM
2024-11-04T14:30:54.623Z - info: Building assets...
2024-11-04T14:30:54.718Z - info: Assets built
2024-11-04T14:30:54.719Z - info: Generating pages...
2024-11-04T14:30:55.092Z - info: Pages built
2024-11-04T14:30:55.155Z - info: Site data built
2024-11-04T14:30:55.155Z - info: Website generation complete! Total build time: 0.775s
2024-11-04T14:30:55.155Z - info: Build success!
2024-11-04T14:30:59.313Z - info: The website has been deployed at: https://nus-tic2002-ay2425s1.github.io/dashboards
2024-11-04T14:55:20.318Z - info: Website generation started at 10:55:20 PM
2024-11-04T14:55:20.411Z - info: Building assets...
2024-11-04T14:55:20.497Z - info: Assets built
2024-11-04T14:55:20.497Z - info: Generating pages...
2024-11-04T14:56:18.443Z - warn: You might have an invalid intra-link! Ignore this warning if it was intended.
'/dashboards/contents/cs2103/url' found in file '/Users/damithch/Repos/nus-cs2103/dashboards-base/contents/cs2103/forum-activities-panels-fragment.md'
2024-11-04T14:56:18.444Z - info: Pages built
2024-11-04T14:56:18.511Z - info: Site data built
2024-11-04T14:56:18.511Z - info: Website generation complete! Total build time: 58.257s
2024-11-04T14:56:18.511Z - info: Build success!
2024-11-04T14:56:29.513Z - info: The website has been deployed at: https://nus-cs2103-ay2425s1.github.io/dashboards
2024-11-04T14:58:19.460Z - info: Website generation started at 10:58:19 PM
2024-11-04T14:58:19.550Z - info: Building assets...
2024-11-04T14:58:19.727Z - info: Assets built
2024-11-04T14:58:19.727Z - info: Generating pages...
2024-11-04T14:58:24.116Z - info: Pages built
2024-11-04T14:58:24.177Z - info: Site data built
2024-11-04T14:58:24.177Z - info: Website generation complete! Total build time: 4.783s
2024-11-04T14:58:24.177Z - info: Build success!
2024-11-04T14:58:29.355Z - info: The website has been deployed at: https://nus-cs2113-ay2425s1.github.io/dashboards
